0 info it worked if it ends with ok
1 verbose cli [ 'node',
1 verbose cli   '/usr/bin/npm',
1 verbose cli   'publish',
1 verbose cli   'xmlhttprequest-with-globalagent' ]
2 info using npm@1.2.25
3 info using node@v0.10.10
4 verbose publish [ 'xmlhttprequest-with-globalagent' ]
5 verbose read json /Users/chiragsanghvi/node-XMLHttpRequest/xmlhttprequest-with-globalagent/package.json
6 verbose cache add [ 'xmlhttprequest-with-globalagent', null ]
7 verbose cache add name=undefined spec="xmlhttprequest-with-globalagent" args=["xmlhttprequest-with-globalagent",null]
8 verbose parsed url { protocol: null,
8 verbose parsed url   slashes: null,
8 verbose parsed url   auth: null,
8 verbose parsed url   host: null,
8 verbose parsed url   port: null,
8 verbose parsed url   hostname: null,
8 verbose parsed url   hash: null,
8 verbose parsed url   search: null,
8 verbose parsed url   query: null,
8 verbose parsed url   pathname: 'xmlhttprequest-with-globalagent',
8 verbose parsed url   path: 'xmlhttprequest-with-globalagent',
8 verbose parsed url   href: 'xmlhttprequest-with-globalagent' }
9 silly lockFile 8a94d83b-xmlhttprequest-with-globalagent xmlhttprequest-with-globalagent
10 verbose lock xmlhttprequest-with-globalagent /Users/chiragsanghvi/.npm/8a94d83b-xmlhttprequest-with-globalagent.lock
11 silly lockFile 8a94d83b-xmlhttprequest-with-globalagent xmlhttprequest-with-globalagent
12 silly lockFile 8a94d83b-xmlhttprequest-with-globalagent xmlhttprequest-with-globalagent
13 verbose addNamed [ 'xmlhttprequest-with-globalagent', '' ]
14 verbose addNamed [ null, '' ]
15 silly lockFile ca315c14-xmlhttprequest-with-globalagent xmlhttprequest-with-globalagent@
16 verbose lock xmlhttprequest-with-globalagent@ /Users/chiragsanghvi/.npm/ca315c14-xmlhttprequest-with-globalagent.lock
17 silly addNameRange { name: 'xmlhttprequest-with-globalagent',
17 silly addNameRange   range: '',
17 silly addNameRange   hasData: false }
18 verbose url raw xmlhttprequest-with-globalagent
19 verbose url resolving [ 'https://registry.npmjs.org/',
19 verbose url resolving   './xmlhttprequest-with-globalagent' ]
20 verbose url resolved https://registry.npmjs.org/xmlhttprequest-with-globalagent
21 info trying registry request attempt 1 at 11:50:27
22 http GET https://registry.npmjs.org/xmlhttprequest-with-globalagent
23 http 200 https://registry.npmjs.org/xmlhttprequest-with-globalagent
24 silly registry.get cb [ 200,
24 silly registry.get   { date: 'Mon, 14 Apr 2014 06:20:28 GMT',
24 silly registry.get     server: 'CouchDB/1.5.0 (Erlang OTP/R14B04)',
24 silly registry.get     etag: '"2Y15YUB55U6GXJ5HKFD4O3N0P"',
24 silly registry.get     'content-type': 'application/json',
24 silly registry.get     'accept-ranges': 'bytes',
24 silly registry.get     via: '1.1 varnish',
24 silly registry.get     'cache-control': 'max-age=1',
24 silly registry.get     'content-length': '4009',
24 silly registry.get     'x-served-by': 'cache-v42-ASH, cache-sv94-SJC3',
24 silly registry.get     'x-cache': 'MISS, MISS',
24 silly registry.get     'x-cache-hits': '0, 0',
24 silly registry.get     'x-timer': 'S1397456428.701933861,VS0,VS36,VE47,VE84',
24 silly registry.get     vary: 'Accept',
24 silly registry.get     'keep-alive': 'timeout=10, max=50',
24 silly registry.get     connection: 'Keep-Alive' } ]
25 silly addNameRange number 2 { name: 'xmlhttprequest-with-globalagent',
25 silly addNameRange   range: '',
25 silly addNameRange   hasData: true }
26 silly addNameRange versions [ 'xmlhttprequest-with-globalagent', [ '1.5.1' ] ]
27 verbose addNamed [ 'xmlhttprequest-with-globalagent', '1.5.1' ]
28 verbose addNamed [ '1.5.1', '1.5.1' ]
29 silly lockFile b5b579bf-tprequest-with-globalagent-1-5-1 xmlhttprequest-with-globalagent@1.5.1
30 verbose lock xmlhttprequest-with-globalagent@1.5.1 /Users/chiragsanghvi/.npm/b5b579bf-tprequest-with-globalagent-1-5-1.lock
31 verbose read json /Users/chiragsanghvi/.npm/xmlhttprequest-with-globalagent/1.5.1/package/package.json
32 silly lockFile b5b579bf-tprequest-with-globalagent-1-5-1 xmlhttprequest-with-globalagent@1.5.1
33 silly lockFile b5b579bf-tprequest-with-globalagent-1-5-1 xmlhttprequest-with-globalagent@1.5.1
34 silly lockFile ca315c14-xmlhttprequest-with-globalagent xmlhttprequest-with-globalagent@
35 silly lockFile ca315c14-xmlhttprequest-with-globalagent xmlhttprequest-with-globalagent@
36 silly publish { name: 'xmlhttprequest-with-globalagent',
36 silly publish   description: 'Dan DeFelippi\'s XMLHttpRequest package for Node with globalAgent support',
36 silly publish   version: '1.5.1',
36 silly publish   keywords: [],
36 silly publish   licenses: [ { type: 'MIT', url: 'http://creativecommons.org/licenses/MIT/' } ],
36 silly publish   repository:
36 silly publish    { type: 'git',
36 silly publish      url: 'git://github.com/chiragsanghvi/node-XMLHttpRequest.git' },
36 silly publish   engines: { node: '>=0.4.0' },
36 silly publish   directories: { lib: './lib', example: './example' },
36 silly publish   main: './lib/XMLHttpRequest.js',
36 silly publish   readme: '# node-XMLHttpRequest #\n\nnode-XMLHttpRequest is a wrapper for the built-in http client to emulate the\nbrowser XMLHttpRequest object.\n\nThis can be used with JS designed for browsers to improve reuse of code and\nallow the use of existing libraries.\n\nNote: This library currently conforms to [XMLHttpRequest 1](http://www.w3.org/TR/XMLHttpRequest/). Version 2.0 will target [XMLHttpRequest Level 2](http://www.w3.org/TR/XMLHttpRequest2/).\n\n## Usage ##\n\nHere\'s how to include the module in your project and use as the browser-based\nXHR object.\n\n\tvar XMLHttpRequest = require("xmlhttprequest").XMLHttpRequest;\n\tvar xhr = new XMLHttpRequest();\n\nNote: use the lowercase string "xmlhttprequest" in your require(). On\ncase-sensitive systems (eg Linux) using uppercase letters won\'t work.\n\n## Versions ##\n\nPrior to 1.4.0 version numbers were arbitrary. From 1.4.0 on they conform to\nthe standard major.minor.bugfix. 1.x shouldn\'t necessarily be considered\nstable just because it\'s above 0.x.\n\nSince the XMLHttpRequest API is stable this library\'s API is stable as\nwell. Major version numbers indicate significant core code changes.\nMinor versions indicate minor core code changes or better conformity to\nthe W3C spec.\n\n## License ##\n\nMIT license. See LICENSE for full details.\n\n## Supports ##\n\n* Async and synchronous requests\n* GET, POST, PUT, and DELETE requests\n* All spec methods (open, send, abort, getRequestHeader,\n  getAllRequestHeaders, event methods)\n* Requests to all domains\n\n## Known Issues / Missing Features ##\n\nFor a list of open issues or to report your own visit the [github issues\npage](https://github.com/driverdan/node-XMLHttpRequest/issues).\n\n* Local file access may have unexpected results for non-UTF8 files\n* Synchronous requests don\'t set headers properly\n* Synchronous requests freeze node while waiting for response (But that\'s what you want, right? Stick with async!).\n* Some events are missing, such as abort\n* getRequestHeader is case-sensitive\n* Cookies aren\'t persisted between requests\n* Missing XML support\n* Missing basic auth\n',
36 silly publish   readmeFilename: 'README.md',
36 silly publish   bugs: { url: 'https://github.com/chiragsanghvi/node-XMLHttpRequest/issues' },
36 silly publish   _id: 'xmlhttprequest-with-globalagent@1.5.1',
36 silly publish   _from: 'xmlhttprequest-with-globalagent@' }
37 info prepublish xmlhttprequest-with-globalagent@1.5.1
38 verbose url raw xmlhttprequest-with-globalagent
39 verbose url resolving [ 'https://registry.npmjs.org/',
39 verbose url resolving   './xmlhttprequest-with-globalagent' ]
40 verbose url resolved https://registry.npmjs.org/xmlhttprequest-with-globalagent
41 info trying registry request attempt 1 at 11:50:29
42 http PUT https://registry.npmjs.org/xmlhttprequest-with-globalagent
43 http 201 https://registry.npmjs.org/xmlhttprequest-with-globalagent
44 verbose url raw xmlhttprequest-with-globalagent
45 verbose url resolving [ 'https://registry.npmjs.org/',
45 verbose url resolving   './xmlhttprequest-with-globalagent' ]
46 verbose url resolved https://registry.npmjs.org/xmlhttprequest-with-globalagent
47 info trying registry request attempt 1 at 11:50:31
48 http GET https://registry.npmjs.org/xmlhttprequest-with-globalagent
49 http 200 https://registry.npmjs.org/xmlhttprequest-with-globalagent
50 error publish fail Cannot publish over existing version.
50 error publish fail Update the 'version' field in package.json and try again.
50 error publish fail
50 error publish fail If the previous version was published in error, see:
50 error publish fail     npm help unpublish
50 error publish fail
50 error publish fail To automatically increment version numbers, see:
50 error publish fail     npm help version
51 error System Darwin 12.5.0
52 error command "node" "/usr/bin/npm" "publish" "xmlhttprequest-with-globalagent"
53 error cwd /Users/chiragsanghvi/node-XMLHttpRequest
54 error node -v v0.10.10
55 error npm -v 1.2.25
56 error code EPUBLISHCONFLICT
57 verbose exit [ 1, true ]
